生成启动时间为 5/19/2018 12:13:03 AM。
项目“C:\Users\debug\Desktop\checksec\checksec\checksec.vcxproj”在节点 2 上(rebuild 个目标)。
_PrepareForClean:
  正在删除文件“Debug\checksec.lastbuildstate”。
InitializeBuildStatus:
  正在创建“Debug\checksec.unsuccessfulbuild”，因为已指定“AlwaysCreate”。
ClCompile:
  c:\Program Files\Microsoft Visual Studio 10.0\VC\bin\CL.exe /c /ZI /nologo /W3 /WX- /Od /Oy- /D WIN32 /D _DEBUG /D _WINDOWS /D _USRDLL /D CHECKSEC_EXPORTS /D _WINDLL /D _UNICODE /D UNICODE /Gm /EHsc /RTC1 /MDd /GS /fp:precise /Zc:wchar_t /Zc:forScope /Yc"StdAfx.h" /Fp"Debug\checksec.pch" /Fo"Debug\\" /Fd"Debug\vc100.pdb" /Gd /TP /analyze- /errorReport:prompt stdafx.cpp
  stdafx.cpp
  c:\Program Files\Microsoft Visual Studio 10.0\VC\bin\CL.exe /c /ZI /nologo /W3 /WX- /Od /Oy- /D WIN32 /D _DEBUG /D _WINDOWS /D _USRDLL /D CHECKSEC_EXPORTS /D _WINDLL /D _UNICODE /D UNICODE /Gm /EHsc /RTC1 /MDd /GS /fp:precise /Zc:wchar_t /Zc:forScope /Yu"StdAfx.h" /Fp"Debug\checksec.pch" /Fo"Debug\\" /Fd"Debug\vc100.pdb" /Gd /TP /analyze- /errorReport:prompt checksec.cpp
  checksec.cpp
  c:\Program Files\Microsoft Visual Studio 10.0\VC\bin\CL.exe /c /ZI /nologo /W3 /WX- /Od /Oy- /D WIN32 /D _DEBUG /D _WINDOWS /D _USRDLL /D CHECKSEC_EXPORTS /D _WINDLL /D _UNICODE /D UNICODE /Gm /EHsc /RTC1 /MDd /GS /fp:precise /Zc:wchar_t /Zc:forScope /Fo"Debug\\" /Fd"Debug\vc100.pdb" /Gd /TP /analyze- /errorReport:prompt dllmain.cpp
  dllmain.cpp
Link:
  c:\Program Files\Microsoft Visual Studio 10.0\VC\bin\link.exe /ERRORREPORT:PROMPT /OUT:"C:\Users\debug\Desktop\checksec\\bin\Debug\checksec.dll" /INCREMENTAL /NOLOGO dbgeng.lib kernel32.lib user32.lib gdi32.lib winspool.lib comdlg32.lib advapi32.lib shell32.lib ole32.lib oleaut32.lib uuid.lib odbc32.lib odbccp32.lib /DEF:"checksec.def" /MANIFEST /ManifestFile:"Debug\checksec.dll.intermediate.manifest" /MANIFESTUAC:"level='asInvoker' uiAccess='false'" /DEBUG /PDB:"C:\Users\debug\Desktop\checksec\bin\Debug\checksec.pdb" /SUBSYSTEM:WINDOWS /TLBID:1 /DYNAMICBASE /NXCOMPAT /IMPLIB:"C:\Users\debug\Desktop\checksec\\bin\Debug\checksec.lib" /MACHINE:X86 /DLL Debug\checksec.obj
  Debug\dllmain.obj
  Debug\stdafx.obj
     正在创建库 C:\Users\debug\Desktop\checksec\\bin\Debug\checksec.lib 和对象 C:\Users\debug\Desktop\checksec\\bin\Debug\checksec.exp
  checksec.vcxproj -> C:\Users\debug\Desktop\checksec\\bin\Debug\checksec.dll
Manifest:
  c:\Program Files\Microsoft SDKs\Windows\v7.0A\bin\mt.exe /nologo /verbose /out:"C:\Users\debug\Desktop\checksec\\bin\Debug\checksec.dll.manifest" /manifest Debug\checksec.dll.intermediate.manifest
FinalizeBuildStatus:
  正在删除文件“Debug\checksec.unsuccessfulbuild”。
  正在对“Debug\checksec.lastbuildstate”执行 Touch 任务。
已完成生成项目“C:\Users\debug\Desktop\checksec\checksec\checksec.vcxproj”(rebuild 个目标)的操作。

生成成功。

已用时间 00:00:02.49
