C:\Users\debug\Desktop\checksec\\bin\Debug\checksec.dll
C:\Users\debug\Desktop\checksec\\bin\Debug\checksec.dll.manifest
C:\Users\debug\Desktop\checksec\\bin\Debug\checksec.ilk
C:\Users\debug\Desktop\checksec\\bin\Debug\checksec.pdb
C:\USERS\DEBUG\DESKTOP\CHECKSEC\BIN\DEBUG\CHECKSEC.DLL
C:\USERS\DEBUG\DESKTOP\CHECKSEC\BIN\DEBUG\CHECKSEC.DLL.MANIFEST
C:\Users\debug\Desktop\checksec\bin\Debug\checksec.exp
C:\USERS\DEBUG\DESKTOP\CHECKSEC\BIN\DEBUG\CHECKSEC.ILK
C:\Users\debug\Desktop\checksec\bin\Debug\checksec.lib
C:\USERS\DEBUG\DESKTOP\CHECKSEC\BIN\DEBUG\CHECKSEC.PDB
C:\USERS\DEBUG\DESKTOP\CHECKSEC\CHECKSEC\DEBUG\CHECKSEC.DLL.INTERMEDIATE.MANIFEST
C:\USERS\DEBUG\DESKTOP\CHECKSEC\CHECKSEC\DEBUG\CHECKSEC.OBJ
C:\USERS\DEBUG\DESKTOP\CHECKSEC\CHECKSEC\DEBUG\CHECKSEC.PCH
C:\Users\debug\Desktop\checksec\checksec\Debug\checksec.write.1.tlog
C:\Users\debug\Desktop\checksec\checksec\Debug\cl.command.1.tlog
C:\Users\debug\Desktop\checksec\checksec\Debug\CL.read.1.tlog
C:\Users\debug\Desktop\checksec\checksec\Debug\CL.write.1.tlog
C:\USERS\DEBUG\DESKTOP\CHECKSEC\CHECKSEC\DEBUG\DLLMAIN.OBJ
C:\Users\debug\Desktop\checksec\checksec\Debug\link.command.1.tlog
C:\Users\debug\Desktop\checksec\checksec\Debug\link.read.1.tlog
C:\Users\debug\Desktop\checksec\checksec\Debug\link.write.1.tlog
C:\Users\debug\Desktop\checksec\checksec\Debug\mt.command.1.tlog
C:\Users\debug\Desktop\checksec\checksec\Debug\mt.read.1.tlog
C:\Users\debug\Desktop\checksec\checksec\Debug\mt.write.1.tlog
C:\USERS\DEBUG\DESKTOP\CHECKSEC\CHECKSEC\DEBUG\STDAFX.OBJ
C:\Users\debug\Desktop\checksec\checksec\Debug\vc100.idb
C:\USERS\DEBUG\DESKTOP\CHECKSEC\CHECKSEC\DEBUG\VC100.PDB
