C:\Users\debug\Desktop\checksec\\bin\Release\checksec.dll
C:\Users\debug\Desktop\checksec\\bin\Release\checksec.pdb
C:\USERS\DEBUG\DESKTOP\CHECKSEC\BIN\RELEASE\CHECKSEC.DLL
C:\Users\debug\Desktop\checksec\bin\Release\checksec.exp
C:\Users\debug\Desktop\checksec\bin\Release\checksec.lib
C:\USERS\DEBUG\DESKTOP\CHECKSEC\BIN\RELEASE\CHECKSEC.PDB
C:\USERS\DEBUG\DESKTOP\CHECKSEC\CHECKSEC\RELEASE\CHECKSEC.DLL.INTERMEDIATE.MANIFEST
C:\USERS\DEBUG\DESKTOP\CHECKSEC\CHECKSEC\RELEASE\CHECKSEC.OBJ
C:\USERS\DEBUG\DESKTOP\CHECKSEC\CHECKSEC\RELEASE\CHECKSEC.PCH
C:\Users\debug\Desktop\checksec\checksec\Release\checksec.write.1.tlog
C:\Users\debug\Desktop\checksec\checksec\Release\cl.command.1.tlog
C:\Users\debug\Desktop\checksec\checksec\Release\CL.read.1.tlog
C:\Users\debug\Desktop\checksec\checksec\Release\CL.write.1.tlog
C:\USERS\DEBUG\DESKTOP\CHECKSEC\CHECKSEC\RELEASE\DLLMAIN.OBJ
C:\Users\debug\Desktop\checksec\checksec\Release\link.command.1.tlog
C:\Users\debug\Desktop\checksec\checksec\Release\link.read.1.tlog
C:\Users\debug\Desktop\checksec\checksec\Release\link.write.1.tlog
C:\Users\debug\Desktop\checksec\checksec\Release\mt.command.1.tlog
C:\Users\debug\Desktop\checksec\checksec\Release\mt.read.1.tlog
C:\Users\debug\Desktop\checksec\checksec\Release\mt.write.1.tlog
C:\USERS\DEBUG\DESKTOP\CHECKSEC\CHECKSEC\RELEASE\STDAFX.OBJ
C:\USERS\DEBUG\DESKTOP\CHECKSEC\CHECKSEC\RELEASE\VC100.PDB
